#
# There is insufficient memory for the Java Runtime Environment to continue.
# Native memory allocation (malloc) failed to allocate 1264656 bytes. Error detail: Chunk::new
# Possible reasons:
#   The system is out of physical RAM or swap space
#   This process is running with CompressedOops enabled, and the Java Heap may be blocking the growth of the native heap
# Possible solutions:
#   Reduce memory load on the system
#   Increase physical memory or swap space
#   Check if swap backing store is full
#   Decrease Java heap size (-Xmx/-Xms)
#   Decrease number of Java threads
#   Decrease Java thread stack sizes (-Xss)
#   Set larger code cache with -XX:ReservedCodeCacheSize=
#   JVM is running with Unscaled Compressed Oops mode in which the Java heap is
#     placed in the first 4GB address space. The Java Heap base address is the
#     maximum limit for the native heap growth. Please use -XX:HeapBaseMinAddress
#     to set the Java Heap base and to place the Java Heap above 4GB virtual address.
# This output file may be truncated or incomplete.
#
#  Out of Memory Error (arena.cpp:168), pid=27088, tid=4640
#
# JRE version: OpenJDK Runtime Environment Temurin-21.0.9+10 (21.0.9+10) (build 21.0.9+10-LTS)
# Java VM: OpenJDK 64-Bit Server VM Temurin-21.0.9+10 (21.0.9+10-LTS, mixed mode, sharing, tiered, compressed oops, compressed class ptrs, parallel gc, windows-amd64)
# No core dump will be written. Minidumps are not enabled by default on client versions of Windows
#

---------------  S U M M A R Y ------------

Command Line: --add-modules=ALL-SYSTEM --add-opens=java.base/java.util=ALL-UNNAMED --add-opens=java.base/java.lang=ALL-UNNAMED --add-opens=java.base/sun.nio.fs=ALL-UNNAMED -Declipse.application=org.eclipse.jdt.ls.core.id1 -Dosgi.bundles.defaultStartLevel=4 -Declipse.product=org.eclipse.jdt.ls.core.product -Djava.import.generatesMetadataFilesAtProjectRoot=false -DDetectVMInstallationsJob.disabled=true -Dfile.encoding=utf8 -XX:+UseParallelGC -XX:GCTimeRatio=4 -XX:AdaptiveSizePolicyWeight=90 -Dsun.zip.disableMemoryMapping=true -Xmx2G -Xms100m -Xlog:disable -javaagent:c:\Users\HP\.vscode\extensions\redhat.java-1.51.0-win32-x64\lombok\lombok-1.18.39-4050.jar c:\Users\HP\.vscode\extensions\redhat.java-1.51.0-win32-x64\server\plugins\org.eclipse.equinox.launcher_1.7.100.v20251111-0406.jar -configuration c:\Users\HP\AppData\Roaming\Code\User\globalStorage\redhat.java\1.51.0\config_ss_win -data c:\Users\HP\AppData\Roaming\Code\User\workspaceStorage\d00a20f361f95b28a9e8c7ac018f6448\redhat.java\ss_ws --pipe=\\.\pipe\lsp-2a57158b53ffc9f5d9e73858d6bc3636-sock

Host: Intel(R) Core(TM) i5-1035G1 CPU @ 1.00GHz, 8 cores, 7G,  Windows 11 , 64 bit Build 26100 (10.0.26100.7623)
Time: Thu Jan 22 00:11:03 2026 Afr. centrale Ouest elapsed time: 19.089266 seconds (0d 0h 0m 19s)

---------------  T H R E A D  ---------------

Current thread (0x000001bc52266370):  JavaThread "C2 CompilerThread0" daemon [_thread_in_native, id=4640, stack(0x0000000400500000,0x0000000400600000) (1024K)]


Current CompileTask:
C2:19089 3529       4       org.eclipse.osgi.internal.loader.ModuleClassLoader::toString (80 bytes)

Stack: [0x0000000400500000,0x0000000400600000]
Native frames: (J=compiled Java code, j=interpreted, Vv=VM code, C=native code)
V  [jvm.dll+0x6d6e29]
V  [jvm.dll+0x8b4b76]
V  [jvm.dll+0x8b712e]
V  [jvm.dll+0x8b7813]
V  [jvm.dll+0x283d86]
V  [jvm.dll+0xc66ed]
V  [jvm.dll+0xc6c31]
V  [jvm.dll+0x3be501]
V  [jvm.dll+0x38ab92]
V  [jvm.dll+0x389fda]
V  [jvm.dll+0x24bfa0]
V  [jvm.dll+0x24b580]
V  [jvm.dll+0x1cb13e]
V  [jvm.dll+0x25b29d]
V  [jvm.dll+0x25982a]
V  [jvm.dll+0x3f7ea6]
V  [jvm.dll+0x85e9ad]
V  [jvm.dll+0x6d565d]
C  [ucrtbase.dll+0x37b0]
C  [KERNEL32.DLL+0x2e8d7]
C  [ntdll.dll+0x8c53c]


---------------  P R O C E S S  ---------------

Threads class SMR info:
_java_thread_list=0x000001bc704e7100, length=27, elements={
0x000001bc522dbe20, 0x000001bc52399760, 0x000001bc5239a670, 0x000001bc5239e680,
0x000001bc52256af0, 0x000001bc52259a10, 0x000001bc5225f5a0, 0x000001bc52266370,
0x000001bc52268bb0, 0x000001bc6a769130, 0x000001bc6a8391b0, 0x000001bc711dc0e0,
0x000001bc711dc770, 0x000001bc711dce00, 0x000001bc711dad30, 0x000001bc711dd490,
0x000001bc711da6a0, 0x000001bc711da010, 0x000001bc711db3c0, 0x000001bc711dba50,
0x000001bc706159f0, 0x000001bc70617ac0, 0x000001bc70618150, 0x000001bc70616080,
0x000001bc70616da0, 0x000001bc70616710, 0x000001bc7029a490
}

Java Threads: ( => current thread )
  0x000001bc522dbe20 JavaThread "main"                              [_thread_blocked, id=11644, stack(0x000000047fb00000,0x000000047fc00000) (1024K)]
  0x000001bc52399760 JavaThread "Reference Handler"          daemon [_thread_blocked, id=15216, stack(0x000000047ff00000,0x0000000480000000) (1024K)]
  0x000001bc5239a670 JavaThread "Finalizer"                  daemon [_thread_blocked, id=6104, stack(0x0000000400000000,0x0000000400100000) (1024K)]
  0x000001bc5239e680 JavaThread "Signal Dispatcher"          daemon [_thread_blocked, id=6684, stack(0x0000000400100000,0x0000000400200000) (1024K)]
  0x000001bc52256af0 JavaThread "Attach Listener"            daemon [_thread_blocked, id=3444, stack(0x0000000400200000,0x0000000400300000) (1024K)]
  0x000001bc52259a10 JavaThread "Service Thread"             daemon [_thread_blocked, id=17420, stack(0x0000000400300000,0x0000000400400000) (1024K)]
  0x000001bc5225f5a0 JavaThread "Monitor Deflation Thread"   daemon [_thread_blocked, id=27440, stack(0x0000000400400000,0x0000000400500000) (1024K)]
=>0x000001bc52266370 JavaThread "C2 CompilerThread0"         daemon [_thread_in_native, id=4640, stack(0x0000000400500000,0x0000000400600000) (1024K)]
  0x000001bc52268bb0 JavaThread "C1 CompilerThread0"         daemon [_thread_blocked, id=18640, stack(0x0000000400600000,0x0000000400700000) (1024K)]
  0x000001bc6a769130 JavaThread "Common-Cleaner"             daemon [_thread_blocked, id=22288, stack(0x0000000400800000,0x0000000400900000) (1024K)]
  0x000001bc6a8391b0 JavaThread "Notification Thread"        daemon [_thread_blocked, id=18772, stack(0x0000000400700000,0x0000000400800000) (1024K)]
  0x000001bc711dc0e0 JavaThread "JNA Cleaner"                daemon [_thread_blocked, id=20568, stack(0x0000000401800000,0x0000000401900000) (1024K)]
  0x000001bc711dc770 JavaThread "Thread-1"                   daemon [_thread_in_native, id=25588, stack(0x0000000401b00000,0x0000000401c00000) (1024K)]
  0x000001bc711dce00 JavaThread "Thread-2"                   daemon [_thread_in_native, id=12060, stack(0x0000000401c00000,0x0000000401d00000) (1024K)]
  0x000001bc711dad30 JavaThread "Thread-3"                   daemon [_thread_in_native, id=20788, stack(0x0000000401d00000,0x0000000401e00000) (1024K)]
  0x000001bc711dd490 JavaThread "Thread-4"                   daemon [_thread_in_native, id=25784, stack(0x0000000401e00000,0x0000000401f00000) (1024K)]
  0x000001bc711da6a0 JavaThread "Thread-5"                   daemon [_thread_in_native, id=18496, stack(0x0000000401f00000,0x0000000402000000) (1024K)]
  0x000001bc711da010 JavaThread "Thread-6"                   daemon [_thread_in_native, id=20928, stack(0x0000000402000000,0x0000000402100000) (1024K)]
  0x000001bc711db3c0 JavaThread "Thread-7"                   daemon [_thread_in_native, id=6524, stack(0x0000000402100000,0x0000000402200000) (1024K)]
  0x000001bc711dba50 JavaThread "Thread-8"                   daemon [_thread_in_native, id=25668, stack(0x0000000402200000,0x0000000402300000) (1024K)]
  0x000001bc706159f0 JavaThread "Thread-9"                   daemon [_thread_in_native, id=6820, stack(0x0000000402300000,0x0000000402400000) (1024K)]
  0x000001bc70617ac0 JavaThread "pool-2-thread-1"                   [_thread_blocked, id=11504, stack(0x0000000402400000,0x0000000402500000) (1024K)]
  0x000001bc70618150 JavaThread "WorkspaceEventsHandler"            [_thread_blocked, id=4328, stack(0x0000000401400000,0x0000000401500000) (1024K)]
  0x000001bc70616080 JavaThread "pool-1-thread-1"                   [_thread_blocked, id=16528, stack(0x0000000402500000,0x0000000402600000) (1024K)]
  0x000001bc70616da0 JavaThread "ForkJoinPool.commonPool-worker-1" daemon [_thread_blocked, id=4040, stack(0x0000000402600000,0x0000000402700000) (1024K)]
  0x000001bc70616710 JavaThread "pool-3-thread-1"                   [_thread_blocked, id=17928, stack(0x0000000402700000,0x0000000402800000) (1024K)]
  0x000001bc7029a490 JavaThread "C2 CompilerThread1"         daemon [_thread_in_native, id=3480, stack(0x0000000402900000,0x0000000402a00000) (1024K)]
Total: 27

Other Threads:
  0x000001bc5237f500 VMThread "VM Thread"                           [id=21804, stack(0x000000047fe00000,0x000000047ff00000) (1024K)]
  0x000001bc52347fc0 WatcherThread "VM Periodic Task Thread"        [id=17128, stack(0x000000047fd00000,0x000000047fe00000) (1024K)]
  0x000001bc522fae80 WorkerThread "GC Thread#0"                     [id=24456, stack(0x000000047fc00000,0x000000047fd00000) (1024K)]
  0x000001bc6f5cf6b0 WorkerThread "GC Thread#1"                     [id=21888, stack(0x0000000400a00000,0x0000000400b00000) (1024K)]
  0x000001bc6f5d9b50 WorkerThread "GC Thread#2"                     [id=12528, stack(0x0000000400b00000,0x0000000400c00000) (1024K)]
  0x000001bc6f47c5e0 WorkerThread "GC Thread#3"                     [id=23352, stack(0x0000000400c00000,0x0000000400d00000) (1024K)]
  0x000001bc6f47c980 WorkerThread "GC Thread#4"                     [id=17512, stack(0x0000000400d00000,0x0000000400e00000) (1024K)]
  0x000001bc6f2e13f0 WorkerThread "GC Thread#5"                     [id=10244, stack(0x0000000400e00000,0x0000000400f00000) (1024K)]
  0x000001bc6f2e1790 WorkerThread "GC Thread#6"                     [id=26556, stack(0x0000000400f00000,0x0000000401000000) (1024K)]
  0x000001bc6f82dff0 WorkerThread "GC Thread#7"                     [id=16224, stack(0x0000000401300000,0x0000000401400000) (1024K)]
Total: 10

Threads with active compile tasks:
C2 CompilerThread0  20175 3529       4       org.eclipse.osgi.internal.loader.ModuleClassLoader::toString (80 bytes)
C2 CompilerThread1  20176 3532       4       jdk.internal.org.objectweb.asm.SymbolTable::addConstantUtf8Reference (101 bytes)
Total: 2

VM state: not at safepoint (normal execution)

VM Mutex/Monitor currently owned by a thread: None

Heap address: 0x0000000080000000, size: 2048 MB, Compressed Oops mode: 32-bit

CDS archive(s) mapped at: [0x000001bc00000000-0x000001bc00ba0000-0x000001bc00ba0000), size 12189696, SharedBaseAddress: 0x000001bc00000000, ArchiveRelocationMode: 1.
Compressed class space mapped at: 0x000001bc01000000-0x000001bc41000000, reserved size: 1073741824
Narrow klass base: 0x000001bc00000000, Narrow klass shift: 0, Narrow klass range: 0x100000000

GC Precious Log:
 CardTable entry size: 512
 CPUs: 8 total, 8 available
 Memory: 7973M
 Large Page Support: Disabled
 NUMA Support: Disabled
 Compressed Oops: Enabled (32-bit)
 Alignments: Space 512K, Generation 512K, Heap 2M
 Heap Min Capacity: 100M
 Heap Initial Capacity: 100M
 Heap Max Capacity: 2G
 Pre-touch: Disabled
 Parallel Workers: 8

Heap:
 PSYoungGen      total 27648K, used 13693K [0x00000000d5580000, 0x00000000d7500000, 0x0000000100000000)
  eden space 24064K, 42% used [0x00000000d5580000,0x00000000d5f629e0,0x00000000d6d00000)
  from space 3584K, 99% used [0x00000000d7100000,0x00000000d747cbd0,0x00000000d7480000)
  to   space 4096K, 0% used [0x00000000d6d00000,0x00000000d6d00000,0x00000000d7100000)
 ParOldGen       total 68608K, used 10169K [0x0000000080000000, 0x0000000084300000, 0x00000000d5580000)
  object space 68608K, 14% used [0x0000000080000000,0x00000000809ee480,0x0000000084300000)
 Metaspace       used 29552K, committed 30400K, reserved 1114112K
  class space    used 3007K, committed 3392K, reserved 1048576K

Card table byte_map: [0x000001bc51c80000,0x000001bc52090000] _byte_map_base: 0x000001bc51880000

Marking Bits: (ParMarkBitMap*) 0x00007ffd81df2460
 Begin Bits: [0x000001bc64790000, 0x000001bc66790000)
 End Bits:   [0x000001bc66790000, 0x000001bc68790000)

Polling page: 0x000001bc4fee0000

Metaspace:

Usage:
  Non-class:     25.92 MB used.
      Class:      2.94 MB used.
       Both:     28.86 MB used.

Virtual space:
  Non-class space:       64.00 MB reserved,      26.38 MB ( 41%) committed,  1 nodes.
      Class space:        1.00 GB reserved,       3.31 MB ( <1%) committed,  1 nodes.
             Both:        1.06 GB reserved,      29.69 MB (  3%) committed. 

Chunk freelists:
   Non-Class:  4.72 MB
       Class:  12.50 MB
        Both:  17.22 MB

MaxMetaspaceSize: unlimited
CompressedClassSpaceSize: 1.00 GB
Initial GC threshold: 21.00 MB
Current GC threshold: 35.00 MB
CDS: on
 - commit_granule_bytes: 65536.
 - commit_granule_words: 8192.
 - virtual_space_node_default_size: 8388608.
 - enlarge_chunks_in_place: 1.
 - use_allocation_guard: 0.


Internal statistics:

num_allocs_failed_limit: 3.
num_arena_births: 562.
num_arena_deaths: 14.
num_vsnodes_births: 2.
num_vsnodes_deaths: 0.
num_space_committed: 475.
num_space_uncommitted: 0.
num_chunks_returned_to_freelist: 17.
num_chunks_taken_from_freelist: 1663.
num_chunk_merges: 9.
num_chunk_splits: 1091.
num_chunks_enlarged: 729.
num_inconsistent_stats: 0.

CodeHeap 'non-profiled nmethods': size=120000Kb used=1655Kb max_used=1655Kb free=118344Kb
 bounds [0x000001bc5cfb0000, 0x000001bc5d220000, 0x000001bc644e0000]
CodeHeap 'profiled nmethods': size=120000Kb used=7083Kb max_used=7083Kb free=112917Kb
 bounds [0x000001bc554e0000, 0x000001bc55bd0000, 0x000001bc5ca10000]
CodeHeap 'non-nmethods': size=5760Kb used=1355Kb max_used=1390Kb free=4404Kb
 bounds [0x000001bc5ca10000, 0x000001bc5cc80000, 0x000001bc5cfb0000]
CodeCache: size=245760Kb, used=10093Kb, max_used=10128Kb, free=235665Kb
 total_blobs=4237, nmethods=3601, adapters=542, full_count=0
Compilation: enabled, stopped_count=0, restarted_count=0

Compilation events (20 events):
Event: 18.059 Thread 0x000001bc52268bb0 3571       3       java.lang.StackTraceElement::isHashedInJavaBase (31 bytes)
Event: 18.060 Thread 0x000001bc52268bb0 nmethod 3571 0x000001bc55bb5110 code [0x000001bc55bb5300, 0x000001bc55bb5798]
Event: 18.060 Thread 0x000001bc52268bb0 3572       3       java.lang.Module::getLayer (43 bytes)
Event: 18.061 Thread 0x000001bc52268bb0 nmethod 3572 0x000001bc55bb5910 code [0x000001bc55bb5ae0, 0x000001bc55bb5e78]
Event: 18.062 Thread 0x000001bc52268bb0 3576       3       org.eclipse.core.runtime.ServiceCaller$ReferenceAndService::bundleChanged (32 bytes)
Event: 18.063 Thread 0x000001bc52268bb0 nmethod 3576 0x000001bc55bb5f90 code [0x000001bc55bb61c0, 0x000001bc55bb6978]
Event: 18.064 Thread 0x000001bc52268bb0 3577       3       java.util.Spliterators$ArraySpliterator::<init> (40 bytes)
Event: 18.064 Thread 0x000001bc52268bb0 nmethod 3577 0x000001bc55bb6d90 code [0x000001bc55bb6f40, 0x000001bc55bb70e0]
Event: 18.064 Thread 0x000001bc52268bb0 3578       1       org.apache.felix.scr.impl.inject.methods.BaseMethod::getMethodName (5 bytes)
Event: 18.064 Thread 0x000001bc52268bb0 nmethod 3578 0x000001bc5d14c410 code [0x000001bc5d14c5a0, 0x000001bc5d14c668]
Event: 18.065 Thread 0x000001bc52268bb0 3579       1       org.apache.felix.scr.impl.manager.ConfigurableComponentHolder::getActivator (5 bytes)
Event: 18.065 Thread 0x000001bc52268bb0 nmethod 3579 0x000001bc5d14c710 code [0x000001bc5d14c8a0, 0x000001bc5d14c968]
Event: 18.069 Thread 0x000001bc52268bb0 3580       3       java.lang.invoke.VarHandleGuards::guard_LLL_Z (86 bytes)
Event: 18.072 Thread 0x000001bc52268bb0 nmethod 3580 0x000001bc55bb7190 code [0x000001bc55bb74c0, 0x000001bc55bb8d20]
Event: 18.072 Thread 0x000001bc52268bb0 3582       3       org.apache.felix.scr.impl.logger.ScrLogManager$ScrLoggerFacade::log (25 bytes)
Event: 18.073 Thread 0x000001bc52268bb0 nmethod 3582 0x000001bc55bb9490 code [0x000001bc55bb9660, 0x000001bc55bb9938]
Event: 18.073 Thread 0x000001bc52268bb0 3581       1       org.apache.felix.scr.impl.manager.ServiceTracker::tracked (5 bytes)
Event: 18.073 Thread 0x000001bc52268bb0 nmethod 3581 0x000001bc5d14cd10 code [0x000001bc5d14cea0, 0x000001bc5d14cf68]
Event: 18.076 Thread 0x000001bc52268bb0 3584       3       java.util.concurrent.ConcurrentLinkedQueue::updateHead (26 bytes)
Event: 18.078 Thread 0x000001bc52268bb0 nmethod 3584 0x000001bc55bb9a90 code [0x000001bc55bb9e00, 0x000001bc55bbb420]

GC Heap History (18 events):
Event: 1.572 GC heap before
{Heap before GC invocations=1 (full 0):
 PSYoungGen      total 29696K, used 25600K [0x00000000d5580000, 0x00000000d7680000, 0x0000000100000000)
  eden space 25600K, 100% used [0x00000000d5580000,0x00000000d6e80000,0x00000000d6e80000)
  from space 4096K, 0% used [0x00000000d7280000,0x00000000d7280000,0x00000000d7680000)
  to   space 4096K, 0% used [0x00000000d6e80000,0x00000000d6e80000,0x00000000d7280000)
 ParOldGen       total 68608K, used 0K [0x0000000080000000, 0x0000000084300000, 0x00000000d5580000)
  object space 68608K, 0% used [0x0000000080000000,0x0000000080000000,0x0000000084300000)
 Metaspace       used 4335K, committed 4608K, reserved 1114112K
  class space    used 472K, committed 576K, reserved 1048576K
}
Event: 1.586 GC heap after
{Heap after GC invocations=1 (full 0):
 PSYoungGen      total 29696K, used 3303K [0x00000000d5580000, 0x00000000d7680000, 0x0000000100000000)
  eden space 25600K, 0% used [0x00000000d5580000,0x00000000d5580000,0x00000000d6e80000)
  from space 4096K, 80% used [0x00000000d6e80000,0x00000000d71b9e98,0x00000000d7280000)
  to   space 4096K, 0% used [0x00000000d7280000,0x00000000d7280000,0x00000000d7680000)
 ParOldGen       total 68608K, used 16K [0x0000000080000000, 0x0000000084300000, 0x00000000d5580000)
  object space 68608K, 0% used [0x0000000080000000,0x0000000080004000,0x0000000084300000)
 Metaspace       used 4335K, committed 4608K, reserved 1114112K
  class space    used 472K, committed 576K, reserved 1048576K
}
Event: 2.956 GC heap before
{Heap before GC invocations=2 (full 0):
 PSYoungGen      total 29696K, used 28903K [0x00000000d5580000, 0x00000000d7680000, 0x0000000100000000)
  eden space 25600K, 100% used [0x00000000d5580000,0x00000000d6e80000,0x00000000d6e80000)
  from space 4096K, 80% used [0x00000000d6e80000,0x00000000d71b9e98,0x00000000d7280000)
  to   space 4096K, 0% used [0x00000000d7280000,0x00000000d7280000,0x00000000d7680000)
 ParOldGen       total 68608K, used 16K [0x0000000080000000, 0x0000000084300000, 0x00000000d5580000)
  object space 68608K, 0% used [0x0000000080000000,0x0000000080004000,0x0000000084300000)
 Metaspace       used 8179K, committed 8448K, reserved 1114112K
  class space    used 872K, committed 1024K, reserved 1048576K
}
Event: 2.963 GC heap after
{Heap after GC invocations=2 (full 0):
 PSYoungGen      total 29696K, used 4086K [0x00000000d5580000, 0x00000000d7680000, 0x0000000100000000)
  eden space 25600K, 0% used [0x00000000d5580000,0x00000000d5580000,0x00000000d6e80000)
  from space 4096K, 99% used [0x00000000d7280000,0x00000000d767d810,0x00000000d7680000)
  to   space 4096K, 0% used [0x00000000d6e80000,0x00000000d6e80000,0x00000000d7280000)
 ParOldGen       total 68608K, used 1119K [0x0000000080000000, 0x0000000084300000, 0x00000000d5580000)
  object space 68608K, 1% used [0x0000000080000000,0x0000000080117eb8,0x0000000084300000)
 Metaspace       used 8179K, committed 8448K, reserved 1114112K
  class space    used 872K, committed 1024K, reserved 1048576K
}
Event: 3.905 GC heap before
{Heap before GC invocations=3 (full 0):
 PSYoungGen      total 29696K, used 29686K [0x00000000d5580000, 0x00000000d7680000, 0x0000000100000000)
  eden space 25600K, 100% used [0x00000000d5580000,0x00000000d6e80000,0x00000000d6e80000)
  from space 4096K, 99% used [0x00000000d7280000,0x00000000d767d810,0x00000000d7680000)
  to   space 4096K, 0% used [0x00000000d6e80000,0x00000000d6e80000,0x00000000d7280000)
 ParOldGen       total 68608K, used 1119K [0x0000000080000000, 0x0000000084300000, 0x00000000d5580000)
  object space 68608K, 1% used [0x0000000080000000,0x0000000080117eb8,0x0000000084300000)
 Metaspace       used 13041K, committed 13568K, reserved 1114112K
  class space    used 1383K, committed 1600K, reserved 1048576K
}
Event: 3.913 GC heap after
{Heap after GC invocations=3 (full 0):
 PSYoungGen      total 29696K, used 4095K [0x00000000d5580000, 0x00000000d7680000, 0x0000000100000000)
  eden space 25600K, 0% used [0x00000000d5580000,0x00000000d5580000,0x00000000d6e80000)
  from space 4096K, 99% used [0x00000000d6e80000,0x00000000d727ff20,0x00000000d7280000)
  to   space 4096K, 0% used [0x00000000d7280000,0x00000000d7280000,0x00000000d7680000)
 ParOldGen       total 68608K, used 2837K [0x0000000080000000, 0x0000000084300000, 0x00000000d5580000)
  object space 68608K, 4% used [0x0000000080000000,0x00000000802c5620,0x0000000084300000)
 Metaspace       used 13041K, committed 13568K, reserved 1114112K
  class space    used 1383K, committed 1600K, reserved 1048576K
}
Event: 4.608 GC heap before
{Heap before GC invocations=4 (full 0):
 PSYoungGen      total 29696K, used 29695K [0x00000000d5580000, 0x00000000d7680000, 0x0000000100000000)
  eden space 25600K, 100% used [0x00000000d5580000,0x00000000d6e80000,0x00000000d6e80000)
  from space 4096K, 99% used [0x00000000d6e80000,0x00000000d727ff20,0x00000000d7280000)
  to   space 4096K, 0% used [0x00000000d7280000,0x00000000d7280000,0x00000000d7680000)
 ParOldGen       total 68608K, used 2837K [0x0000000080000000, 0x0000000084300000, 0x00000000d5580000)
  object space 68608K, 4% used [0x0000000080000000,0x00000000802c5620,0x0000000084300000)
 Metaspace       used 15955K, committed 16640K, reserved 1114112K
  class space    used 1659K, committed 1920K, reserved 1048576K
}
Event: 4.614 GC heap after
{Heap after GC invocations=4 (full 0):
 PSYoungGen      total 29696K, used 4080K [0x00000000d5580000, 0x00000000d7680000, 0x0000000100000000)
  eden space 25600K, 0% used [0x00000000d5580000,0x00000000d5580000,0x00000000d6e80000)
  from space 4096K, 99% used [0x00000000d7280000,0x00000000d767c298,0x00000000d7680000)
  to   space 4096K, 0% used [0x00000000d6e80000,0x00000000d6e80000,0x00000000d7280000)
 ParOldGen       total 68608K, used 5481K [0x0000000080000000, 0x0000000084300000, 0x00000000d5580000)
  object space 68608K, 7% used [0x0000000080000000,0x000000008055a698,0x0000000084300000)
 Metaspace       used 15955K, committed 16640K, reserved 1114112K
  class space    used 1659K, committed 1920K, reserved 1048576K
}
Event: 5.124 GC heap before
{Heap before GC invocations=5 (full 0):
 PSYoungGen      total 29696K, used 29626K [0x00000000d5580000, 0x00000000d7680000, 0x0000000100000000)
  eden space 25600K, 99% used [0x00000000d5580000,0x00000000d6e72808,0x00000000d6e80000)
  from space 4096K, 99% used [0x00000000d7280000,0x00000000d767c298,0x00000000d7680000)
  to   space 4096K, 0% used [0x00000000d6e80000,0x00000000d6e80000,0x00000000d7280000)
 ParOldGen       total 68608K, used 5481K [0x0000000080000000, 0x0000000084300000, 0x00000000d5580000)
  object space 68608K, 7% used [0x0000000080000000,0x000000008055a698,0x0000000084300000)
 Metaspace       used 20156K, committed 20800K, reserved 1114112K
  class space    used 1967K, committed 2240K, reserved 1048576K
}
Event: 5.130 GC heap after
{Heap after GC invocations=5 (full 0):
 PSYoungGen      total 29184K, used 4088K [0x00000000d5580000, 0x00000000d7900000, 0x0000000100000000)
  eden space 25088K, 0% used [0x00000000d5580000,0x00000000d5580000,0x00000000d6e00000)
  from space 4096K, 99% used [0x00000000d6e80000,0x00000000d727e1f0,0x00000000d7280000)
  to   space 5632K, 0% used [0x00000000d7380000,0x00000000d7380000,0x00000000d7900000)
 ParOldGen       total 68608K, used 6139K [0x0000000080000000, 0x0000000084300000, 0x00000000d5580000)
  object space 68608K, 8% used [0x0000000080000000,0x00000000805fed90,0x0000000084300000)
 Metaspace       used 20156K, committed 20800K, reserved 1114112K
  class space    used 1967K, committed 2240K, reserved 1048576K
}
Event: 5.458 GC heap before
{Heap before GC invocations=6 (full 0):
 PSYoungGen      total 29184K, used 23227K [0x00000000d5580000, 0x00000000d7900000, 0x0000000100000000)
  eden space 25088K, 76% used [0x00000000d5580000,0x00000000d6830c68,0x00000000d6e00000)
  from space 4096K, 99% used [0x00000000d6e80000,0x00000000d727e1f0,0x00000000d7280000)
  to   space 5632K, 0% used [0x00000000d7380000,0x00000000d7380000,0x00000000d7900000)
 ParOldGen       total 68608K, used 6139K [0x0000000080000000, 0x0000000084300000, 0x00000000d5580000)
  object space 68608K, 8% used [0x0000000080000000,0x00000000805fed90,0x0000000084300000)
 Metaspace       used 20872K, committed 21504K, reserved 1114112K
  class space    used 2005K, committed 2304K, reserved 1048576K
}
Event: 5.464 GC heap after
{Heap after GC invocations=6 (full 0):
 PSYoungGen      total 30720K, used 5413K [0x00000000d5580000, 0x00000000d7900000, 0x0000000100000000)
  eden space 25088K, 0% used [0x00000000d5580000,0x00000000d5580000,0x00000000d6e00000)
  from space 5632K, 96% used [0x00000000d7380000,0x00000000d78c9700,0x00000000d7900000)
  to   space 5632K, 0% used [0x00000000d6e00000,0x00000000d6e00000,0x00000000d7380000)
 ParOldGen       total 68608K, used 6928K [0x0000000080000000, 0x0000000084300000, 0x00000000d5580000)
  object space 68608K, 10% used [0x0000000080000000,0x00000000806c42a0,0x0000000084300000)
 Metaspace       used 20872K, committed 21504K, reserved 1114112K
  class space    used 2005K, committed 2304K, reserved 1048576K
}
Event: 5.464 GC heap before
{Heap before GC invocations=7 (full 1):
 PSYoungGen      total 30720K, used 5413K [0x00000000d5580000, 0x00000000d7900000, 0x0000000100000000)
  eden space 25088K, 0% used [0x00000000d5580000,0x00000000d5580000,0x00000000d6e00000)
  from space 5632K, 96% used [0x00000000d7380000,0x00000000d78c9700,0x00000000d7900000)
  to   space 5632K, 0% used [0x00000000d6e00000,0x00000000d6e00000,0x00000000d7380000)
 ParOldGen       total 68608K, used 6928K [0x0000000080000000, 0x0000000084300000, 0x00000000d5580000)
  object space 68608K, 10% used [0x0000000080000000,0x00000000806c42a0,0x0000000084300000)
 Metaspace       used 20872K, committed 21504K, reserved 1114112K
  class space    used 2005K, committed 2304K, reserved 1048576K
}
Event: 5.501 GC heap after
{Heap after GC invocations=7 (full 1):
 PSYoungGen      total 30720K, used 0K [0x00000000d5580000, 0x00000000d7900000, 0x0000000100000000)
  eden space 25088K, 0% used [0x00000000d5580000,0x00000000d5580000,0x00000000d6e00000)
  from space 5632K, 0% used [0x00000000d7380000,0x00000000d7380000,0x00000000d7900000)
  to   space 5632K, 0% used [0x00000000d6e00000,0x00000000d6e00000,0x00000000d7380000)
 ParOldGen       total 68608K, used 10129K [0x0000000080000000, 0x0000000084300000, 0x00000000d5580000)
  object space 68608K, 14% used [0x0000000080000000,0x00000000809e4480,0x0000000084300000)
 Metaspace       used 20859K, committed 21504K, reserved 1114112K
  class space    used 2001K, committed 2304K, reserved 1048576K
}
Event: 6.727 GC heap before
{Heap before GC invocations=8 (full 1):
 PSYoungGen      total 30720K, used 25088K [0x00000000d5580000, 0x00000000d7900000, 0x0000000100000000)
  eden space 25088K, 100% used [0x00000000d5580000,0x00000000d6e00000,0x00000000d6e00000)
  from space 5632K, 0% used [0x00000000d7380000,0x00000000d7380000,0x00000000d7900000)
  to   space 5632K, 0% used [0x00000000d6e00000,0x00000000d6e00000,0x00000000d7380000)
 ParOldGen       total 68608K, used 10129K [0x0000000080000000, 0x0000000084300000, 0x00000000d5580000)
  object space 68608K, 14% used [0x0000000080000000,0x00000000809e4480,0x0000000084300000)
 Metaspace       used 25212K, committed 26048K, reserved 1114112K
  class space    used 2455K, committed 2816K, reserved 1048576K
}
Event: 6.731 GC heap after
{Heap after GC invocations=8 (full 1):
 PSYoungGen      total 27136K, used 2351K [0x00000000d5580000, 0x00000000d7480000, 0x0000000100000000)
  eden space 24576K, 0% used [0x00000000d5580000,0x00000000d5580000,0x00000000d6d80000)
  from space 2560K, 91% used [0x00000000d6e00000,0x00000000d704bf10,0x00000000d7080000)
  to   space 3584K, 0% used [0x00000000d7100000,0x00000000d7100000,0x00000000d7480000)
 ParOldGen       total 68608K, used 10137K [0x0000000080000000, 0x0000000084300000, 0x00000000d5580000)
  object space 68608K, 14% used [0x0000000080000000,0x00000000809e6480,0x0000000084300000)
 Metaspace       used 25212K, committed 26048K, reserved 1114112K
  class space    used 2455K, committed 2816K, reserved 1048576K
}
Event: 12.858 GC heap before
{Heap before GC invocations=9 (full 1):
 PSYoungGen      total 27136K, used 26927K [0x00000000d5580000, 0x00000000d7480000, 0x0000000100000000)
  eden space 24576K, 100% used [0x00000000d5580000,0x00000000d6d80000,0x00000000d6d80000)
  from space 2560K, 91% used [0x00000000d6e00000,0x00000000d704bf10,0x00000000d7080000)
  to   space 3584K, 0% used [0x00000000d7100000,0x00000000d7100000,0x00000000d7480000)
 ParOldGen       total 68608K, used 10137K [0x0000000080000000, 0x0000000084300000, 0x00000000d5580000)
  object space 68608K, 14% used [0x0000000080000000,0x00000000809e6480,0x0000000084300000)
 Metaspace       used 28225K, committed 29120K, reserved 1114112K
  class space    used 2834K, committed 3200K, reserved 1048576K
}
Event: 12.861 GC heap after
{Heap after GC invocations=9 (full 1):
 PSYoungGen      total 27648K, used 3570K [0x00000000d5580000, 0x00000000d7500000, 0x0000000100000000)
  eden space 24064K, 0% used [0x00000000d5580000,0x00000000d5580000,0x00000000d6d00000)
  from space 3584K, 99% used [0x00000000d7100000,0x00000000d747cbd0,0x00000000d7480000)
  to   space 4096K, 0% used [0x00000000d6d00000,0x00000000d6d00000,0x00000000d7100000)
 ParOldGen       total 68608K, used 10169K [0x0000000080000000, 0x0000000084300000, 0x00000000d5580000)
  object space 68608K, 14% used [0x0000000080000000,0x00000000809ee480,0x0000000084300000)
 Metaspace       used 28225K, committed 29120K, reserved 1114112K
  class space    used 2834K, committed 3200K, reserved 1048576K
}

Dll operation events (10 events):
Event: 0.018 Loaded shared library c:\Users\HP\.vscode\extensions\redhat.java-1.51.0-win32-x64\jre\21.0.9-win32-x86_64\bin\java.dll
Event: 0.088 Loaded shared library c:\Users\HP\.vscode\extensions\redhat.java-1.51.0-win32-x64\jre\21.0.9-win32-x86_64\bin\zip.dll
Event: 0.129 Loaded shared library C:\Users\HP\.vscode\extensions\redhat.java-1.51.0-win32-x64\jre\21.0.9-win32-x86_64\bin\instrument.dll
Event: 0.144 Loaded shared library C:\Users\HP\.vscode\extensions\redhat.java-1.51.0-win32-x64\jre\21.0.9-win32-x86_64\bin\net.dll
Event: 0.148 Loaded shared library C:\Users\HP\.vscode\extensions\redhat.java-1.51.0-win32-x64\jre\21.0.9-win32-x86_64\bin\nio.dll
Event: 0.158 Loaded shared library C:\Users\HP\.vscode\extensions\redhat.java-1.51.0-win32-x64\jre\21.0.9-win32-x86_64\bin\zip.dll
Event: 0.213 Loaded shared library C:\Users\HP\.vscode\extensions\redhat.java-1.51.0-win32-x64\jre\21.0.9-win32-x86_64\bin\jimage.dll
Event: 0.387 Loaded shared library c:\Users\HP\.vscode\extensions\redhat.java-1.51.0-win32-x64\jre\21.0.9-win32-x86_64\bin\verify.dll
Event: 2.878 Loaded shared library C:\Users\HP\AppData\Roaming\Code\User\globalStorage\redhat.java\1.51.0\config_ss_win\org.eclipse.equinox.launcher\org.eclipse.equinox.launcher.win32.win32.x86_64_1.2.1400.v20250801-0854\eclipse_11916.dll
Event: 6.503 Loaded shared library C:\Users\HP\AppData\Local\Temp\jna-2312\jna11053583096782046608.dll

Deoptimization events (20 events):
Event: 17.935 Thread 0x000001bc6f6921d0 Uncommon trap: trap_request=0xffffff45 fr.pc=0x000001bc5d115a4c relative=0x00000000000001ac
Event: 17.935 Thread 0x000001bc6f6921d0 Uncommon trap: reason=unstable_if action=reinterpret pc=0x000001bc5d115a4c method=jdk.internal.org.objectweb.asm.Frame.push(I)V @ 26 c2
Event: 17.935 Thread 0x000001bc6f6921d0 DEOPT PACKING pc=0x000001bc5d115a4c sp=0x00000004016fd210
Event: 17.935 Thread 0x000001bc6f6921d0 DEOPT UNPACKING pc=0x000001bc5ca66da2 sp=0x00000004016fd198 mode 2
Event: 17.937 Thread 0x000001bc6f6921d0 Uncommon trap: trap_request=0xffffff45 fr.pc=0x000001bc5d12a198 relative=0x0000000000005098
Event: 17.937 Thread 0x000001bc6f6921d0 Uncommon trap: reason=unstable_if action=reinterpret pc=0x000001bc5d12a198 method=java.lang.invoke.MethodType.genericMethodType(IZ)Ljava/lang/invoke/MethodType; @ 27 c2
Event: 17.937 Thread 0x000001bc6f6921d0 DEOPT PACKING pc=0x000001bc5d12a198 sp=0x00000004016fd7f0
Event: 17.937 Thread 0x000001bc6f6921d0 DEOPT UNPACKING pc=0x000001bc5ca66da2 sp=0x00000004016fd600 mode 2
Event: 17.937 Thread 0x000001bc6f6921d0 Uncommon trap: trap_request=0xffffff45 fr.pc=0x000001bc5d143ba4 relative=0x0000000000000324
Event: 17.937 Thread 0x000001bc6f6921d0 Uncommon trap: reason=unstable_if action=reinterpret pc=0x000001bc5d143ba4 method=java.lang.invoke.MethodType.genericMethodType(IZ)Ljava/lang/invoke/MethodType; @ 27 c2
Event: 17.937 Thread 0x000001bc6f6921d0 DEOPT PACKING pc=0x000001bc5d143ba4 sp=0x00000004016fd760
Event: 17.937 Thread 0x000001bc6f6921d0 DEOPT UNPACKING pc=0x000001bc5ca66da2 sp=0x00000004016fd658 mode 2
Event: 18.016 Thread 0x000001bc6f6921d0 Uncommon trap: trap_request=0xffffff45 fr.pc=0x000001bc5d1224c0 relative=0x00000000000000a0
Event: 18.016 Thread 0x000001bc6f6921d0 Uncommon trap: reason=unstable_if action=reinterpret pc=0x000001bc5d1224c0 method=java.lang.invoke.LambdaForm$BasicType.basicType(C)Ljava/lang/invoke/LambdaForm$BasicType; @ 1 c2
Event: 18.016 Thread 0x000001bc6f6921d0 DEOPT PACKING pc=0x000001bc5d1224c0 sp=0x00000004016fc300
Event: 18.016 Thread 0x000001bc6f6921d0 DEOPT UNPACKING pc=0x000001bc5ca66da2 sp=0x00000004016fc298 mode 2
Event: 18.036 Thread 0x000001bc70616080 Uncommon trap: trap_request=0x0000002e fr.pc=0x000001bc5d132b08 relative=0x0000000000000428
Event: 18.036 Thread 0x000001bc70616080 Uncommon trap: reason=unloaded action=reinterpret pc=0x000001bc5d132b08 method=org.eclipse.jdt.ls.core.internal.ConnectionStreamFactory$NamedPipeInputStream.read()I @ 119 c2
Event: 18.036 Thread 0x000001bc70616080 DEOPT PACKING pc=0x000001bc5d132b08 sp=0x00000004025ff220
Event: 18.036 Thread 0x000001bc70616080 DEOPT UNPACKING pc=0x000001bc5ca66da2 sp=0x00000004025ff1c0 mode 2

Classes loaded (20 events):
Event: 18.048 Loading class java/lang/StackStreamFactory$FrameBuffer done
Event: 18.048 Loading class java/lang/StackStreamFactory$StackFrameTraverser$StackFrameBuffer done
Event: 18.051 Loading class java/lang/Throwable$WrappedPrintWriter
Event: 18.051 Loading class java/lang/Throwable$PrintStreamOrWriter
Event: 18.052 Loading class java/lang/Throwable$PrintStreamOrWriter done
Event: 18.052 Loading class java/lang/Throwable$WrappedPrintWriter done
Event: 18.053 Loading class java/util/logging/Level$RbAccess
Event: 18.053 Loading class java/util/logging/Level$RbAccess done
Event: 18.054 Loading class sun/util/logging/resources/logging
Event: 18.054 Loading class sun/util/logging/resources/logging done
Event: 18.055 Loading class sun/util/logging/resources/logging_fr
Event: 18.055 Loading class sun/util/logging/resources/logging_fr done
Event: 18.056 Loading class sun/util/logging/resources/logging_fr_FR
Event: 18.056 Loading class sun/util/logging/resources/logging_fr_FR done
Event: 18.056 Loading class sun/util/logging/resources/logging_fr_FR
Event: 18.056 Loading class sun/util/logging/resources/logging_fr_FR done
Event: 18.056 Loading class java/util/Formatter$DateTime
Event: 18.056 Loading class java/util/Formatter$DateTime done
Event: 18.057 Loading class java/time/ZonedDateTime$1
Event: 18.057 Loading class java/time/ZonedDateTime$1 done

Classes unloaded (7 events):
Event: 5.471 Thread 0x000001bc5237f500 Unloading class 0x000001bc0118d400 'java/lang/invoke/LambdaForm$MH+0x000001bc0118d400'
Event: 5.471 Thread 0x000001bc5237f500 Unloading class 0x000001bc0118d000 'java/lang/invoke/LambdaForm$MH+0x000001bc0118d000'
Event: 5.471 Thread 0x000001bc5237f500 Unloading class 0x000001bc0118cc00 'java/lang/invoke/LambdaForm$MH+0x000001bc0118cc00'
Event: 5.471 Thread 0x000001bc5237f500 Unloading class 0x000001bc0118c800 'java/lang/invoke/LambdaForm$MH+0x000001bc0118c800'
Event: 5.471 Thread 0x000001bc5237f500 Unloading class 0x000001bc0118c400 'java/lang/invoke/LambdaForm$BMH+0x000001bc0118c400'
Event: 5.471 Thread 0x000001bc5237f500 Unloading class 0x000001bc0118c000 'java/lang/invoke/LambdaForm$DMH+0x000001bc0118c000'
Event: 5.471 Thread 0x000001bc5237f500 Unloading class 0x000001bc0118ac00 'java/lang/invoke/LambdaForm$DMH+0x000001bc0118ac00'

Classes redefined (0 events):
No events

Internal exceptions (20 events):
Event: 6.789 Thread 0x000001bc6fc498e0 Exception <a 'java/lang/NoSuchMethodError'{0x00000000d5794e28}: 'java.lang.Object java.lang.invoke.DirectMethodHandle$Holder.invokeSpecial(java.lang.Object, java.lang.Object, java.lang.Object, java.lang.Object, int)'> (0x00000000d5794e28) 
thrown [s\src\hotspot\share\interpreter\linkResolver.cpp, line 773]
Event: 6.790 Thread 0x000001bc6fc498e0 Exception <a 'java/lang/NoSuchMethodError'{0x00000000d57982d0}: 'java.lang.Object java.lang.invoke.Invokers$Holder.linkToTargetMethod(java.lang.Object, java.lang.Object, int, java.lang.Object)'> (0x00000000d57982d0) 
thrown [s\src\hotspot\share\interpreter\linkResolver.cpp, line 773]
Event: 6.796 Thread 0x000001bc6fc498e0 Exception <a 'java/lang/NoSuchMethodError'{0x00000000d57a3e10}: 'void java.lang.invoke.DirectMethodHandle$Holder.invokeStaticInit(java.lang.Object, java.lang.Object, java.lang.Object)'> (0x00000000d57a3e10) 
thrown [s\src\hotspot\share\interpreter\linkResolver.cpp, line 773]
Event: 6.822 Thread 0x000001bc6fc498e0 Exception <a 'java/io/FileNotFoundException'{0x00000000d57d4ea0}> (0x00000000d57d4ea0) 
thrown [s\src\hotspot\share\prims\jni.cpp, line 520]
Event: 6.822 Thread 0x000001bc6fc498e0 Exception <a 'java/io/FileNotFoundException'{0x00000000d57d5fb8}> (0x00000000d57d5fb8) 
thrown [s\src\hotspot\share\prims\jni.cpp, line 520]
Event: 7.173 Thread 0x000001bc522dbe20 Exception <a 'java/lang/NoSuchMethodError'{0x00000000d621c240}: 'void java.lang.invoke.DirectMethodHandle$Holder.invokeSpecial(java.lang.Object, java.lang.Object, java.lang.Object, java.lang.Object, java.lang.Object, java.lang.Object)'> (0x00000000d621c240) 
thrown [s\src\hotspot\share\interpreter\linkResolver.cpp, line 773]
Event: 7.176 Thread 0x000001bc522dbe20 Exception <a 'java/lang/IncompatibleClassChangeError'{0x00000000d6224540}: Found class java.lang.Object, but interface was expected> (0x00000000d6224540) 
thrown [s\src\hotspot\share\interpreter\linkResolver.cpp, line 840]
Event: 7.177 Thread 0x000001bc522dbe20 Exception <a 'java/lang/IncompatibleClassChangeError'{0x00000000d6226400}: Found class java.lang.Object, but interface was expected> (0x00000000d6226400) 
thrown [s\src\hotspot\share\interpreter\linkResolver.cpp, line 840]
Event: 12.786 Thread 0x000001bc70616080 Exception <a 'java/lang/NoSuchMethodError'{0x00000000d67b4de8}: 'java.lang.Object java.lang.invoke.DirectMethodHandle$Holder.invokeInterface(java.lang.Object, java.lang.Object, java.lang.Object)'> (0x00000000d67b4de8) 
thrown [s\src\hotspot\share\interpreter\linkResolver.cpp, line 773]
Event: 12.820 Thread 0x000001bc70616080 Exception <a 'java/io/FileNotFoundException'{0x00000000d6853bd0}> (0x00000000d6853bd0) 
thrown [s\src\hotspot\share\prims\jni.cpp, line 520]
Event: 12.898 Thread 0x000001bc70616080 Exception <a 'sun/nio/fs/WindowsException'{0x00000000d5623790}> (0x00000000d5623790) 
thrown [s\src\hotspot\share\prims\jni.cpp, line 520]
Event: 13.566 Thread 0x000001bc70616080 Exception <a 'java/lang/IncompatibleClassChangeError'{0x00000000d58ccf90}: Found class java.lang.Object, but interface was expected> (0x00000000d58ccf90) 
thrown [s\src\hotspot\share\interpreter\linkResolver.cpp, line 840]
Event: 15.280 Thread 0x000001bc70616080 Exception <a 'java/lang/IncompatibleClassChangeError'{0x00000000d59f0138}: Found class java.lang.Object, but interface was expected> (0x00000000d59f0138) 
thrown [s\src\hotspot\share\interpreter\linkResolver.cpp, line 840]
Event: 17.831 Thread 0x000001bc6f6921d0 Exception <a 'sun/nio/fs/WindowsException'{0x00000000d5a9eab8}> (0x00000000d5a9eab8) 
thrown [s\src\hotspot\share\prims\jni.cpp, line 520]
Event: 17.854 Thread 0x000001bc6f6921d0 Exception <a 'sun/nio/fs/WindowsException'{0x00000000d5aa0bf8}> (0x00000000d5aa0bf8) 
thrown [s\src\hotspot\share\prims\jni.cpp, line 520]
Event: 17.919 Thread 0x000001bc70616080 Exception <a 'java/lang/NoSuchMethodError'{0x00000000d5a36568}: 'void java.lang.invoke.DirectMethodHandle$Holder.invokeInterface(java.lang.Object, java.lang.Object)'> (0x00000000d5a36568) 
thrown [s\src\hotspot\share\interpreter\linkResolver.cpp, line 773]
Event: 17.938 Thread 0x000001bc6f6921d0 Exception <a 'java/lang/NoSuchMethodError'{0x00000000d5b71788}: 'java.lang.Object java.lang.invoke.DirectMethodHandle$Holder.newInvokeSpecial(java.lang.Object, java.lang.Object, java.lang.Object, java.lang.Object, java.lang.Object, java.lang.Object, java.lang.Object, java.lang.Object, java.lang.Object, java.lang.Object)'> (0x00000000d5b71788) 
thrown [s\src\hotspot\share\interpreter\linkResolver.cpp, line 773]
Event: 17.983 Thread 0x000001bc6f6921d0 Exception <a 'sun/nio/fs/WindowsException'{0x00000000d5c576d0}> (0x00000000d5c576d0) 
thrown [s\src\hotspot\share\prims\jni.cpp, line 520]
Event: 18.036 Thread 0x000001bc70616080 Exception <a 'java/io/IOException'{0x00000000d5b4a128}> (0x00000000d5b4a128) 
thrown [s\src\hotspot\share\prims\jni.cpp, line 520]
Event: 18.054 Thread 0x000001bc70616080 Exception <a 'java/lang/ClassNotFoundException'{0x00000000d5ddd800}: sun/util/logging/resources/spi/loggingProvider> (0x00000000d5ddd800) 
thrown [s\src\hotspot\share\classfile\systemDictionary.cpp, line 312]

ZGC Phase Switch (0 events):
No events

VM Operations (20 events):
Event: 6.731 Executing VM operation: ParallelGCFailedAllocation (Allocation Failure) done
Event: 7.731 Executing VM operation: Cleanup
Event: 7.731 Executing VM operation: Cleanup done
Event: 8.739 Executing VM operation: Cleanup
Event: 8.739 Executing VM operation: Cleanup done
Event: 10.762 Executing VM operation: Cleanup
Event: 10.762 Executing VM operation: Cleanup done
Event: 12.785 Executing VM operation: Cleanup
Event: 12.785 Executing VM operation: Cleanup done
Event: 12.804 Executing VM operation: HandshakeAllThreads (Deoptimize)
Event: 12.804 Executing VM operation: HandshakeAllThreads (Deoptimize) done
Event: 12.857 Executing VM operation: ParallelGCFailedAllocation (Allocation Failure)
Event: 12.861 Executing VM operation: ParallelGCFailedAllocation (Allocation Failure) done
Event: 13.868 Executing VM operation: Cleanup
Event: 13.868 Executing VM operation: Cleanup done
Event: 14.875 Executing VM operation: Cleanup
Event: 14.875 Executing VM operation: Cleanup done
Event: 17.898 Executing VM operation: Cleanup
Event: 17.914 Executing VM operation: Cleanup done
Event: 18.929 Executing VM operation: Cleanup

Memory protections (0 events):
No events

Nmethod flushes (0 events):
No events

Events (20 events):
Event: 5.917 Thread 0x000001bc52268bb0 Thread added: 0x000001bc71420b20
Event: 6.558 Thread 0x000001bc6f349c80 Thread added: 0x000001bc711dc0e0
Event: 6.756 Thread 0x000001bc522dbe20 Thread added: 0x000001bc711dc770
Event: 6.759 Thread 0x000001bc522dbe20 Thread added: 0x000001bc711dce00
Event: 6.760 Thread 0x000001bc522dbe20 Thread added: 0x000001bc711dad30
Event: 6.760 Thread 0x000001bc522dbe20 Thread added: 0x000001bc711dd490
Event: 6.760 Thread 0x000001bc522dbe20 Thread added: 0x000001bc711da6a0
Event: 6.761 Thread 0x000001bc522dbe20 Thread added: 0x000001bc711da010
Event: 6.761 Thread 0x000001bc522dbe20 Thread added: 0x000001bc711db3c0
Event: 6.761 Thread 0x000001bc522dbe20 Thread added: 0x000001bc711dba50
Event: 6.761 Thread 0x000001bc522dbe20 Thread added: 0x000001bc706159f0
Event: 6.819 Thread 0x000001bc522dbe20 Thread added: 0x000001bc70617ac0
Event: 7.169 Thread 0x000001bc71420b20 Thread exited: 0x000001bc71420b20
Event: 7.210 Thread 0x000001bc522dbe20 Thread added: 0x000001bc70618150
Event: 7.210 Thread 0x000001bc522dbe20 Thread added: 0x000001bc70616080
Event: 17.756 Thread 0x000001bc70616080 Thread added: 0x000001bc70616da0
Event: 17.861 Thread 0x000001bc6f6921d0 Thread added: 0x000001bc70617430
Event: 17.882 Thread 0x000001bc70617430 Thread exited: 0x000001bc70617430
Event: 17.930 Thread 0x000001bc70616080 Thread added: 0x000001bc70616710
Event: 18.040 Thread 0x000001bc522dbe20 Thread added: 0x000001bc70617430


Dynamic libraries:
0x00007ff600930000 - 0x00007ff60093e000 	c:\Users\HP\.vscode\extensions\redhat.java-1.51.0-win32-x64\jre\21.0.9-win32-x86_64\bin\java.exe
0x00007ffe77da0000 - 0x00007ffe78007000 	C:\WINDOWS\SYSTEM32\ntdll.dll
0x00007ffe77530000 - 0x00007ffe775f9000 	C:\WINDOWS\System32\KERNEL32.DLL
0x00007ffe753a0000 - 0x00007ffe7578f000 	C:\WINDOWS\System32\KERNELBASE.dll
0x00007ffe74fa0000 - 0x00007ffe750eb000 	C:\WINDOWS\System32\ucrtbase.dll
0x00007ffe47af0000 - 0x00007ffe47b0e000 	c:\Users\HP\.vscode\extensions\redhat.java-1.51.0-win32-x64\jre\21.0.9-win32-x86_64\bin\VCRUNTIME140.dll
0x00007ffe46590000 - 0x00007ffe465a8000 	c:\Users\HP\.vscode\extensions\redhat.java-1.51.0-win32-x64\jre\21.0.9-win32-x86_64\bin\jli.dll
0x00007ffe77710000 - 0x00007ffe778d5000 	C:\WINDOWS\System32\USER32.dll
0x00007ffe75370000 - 0x00007ffe75397000 	C:\WINDOWS\System32\win32u.dll
0x00007ffe56240000 - 0x00007ffe564d3000 	C:\WINDOWS\WinSxS\amd64_microsoft.windows.common-controls_6595b64144ccf1df_6.0.26100.7309_none_3e05feeae336a044\COMCTL32.dll
0x00007ffe770e0000 - 0x00007ffe77189000 	C:\WINDOWS\System32\msvcrt.dll
0x00007ffe771e0000 - 0x00007ffe7720b000 	C:\WINDOWS\System32\GDI32.dll
0x00007ffe75240000 - 0x00007ffe7536c000 	C:\WINDOWS\System32\gdi32full.dll
0x00007ffe74ef0000 - 0x00007ffe74f93000 	C:\WINDOWS\System32\msvcp_win.dll
0x00007ffe76f00000 - 0x00007ffe76f31000 	C:\WINDOWS\System32\IMM32.DLL
0x00007ffe689a0000 - 0x00007ffe689ac000 	c:\Users\HP\.vscode\extensions\redhat.java-1.51.0-win32-x64\jre\21.0.9-win32-x86_64\bin\vcruntime140_1.dll
0x00007ffe3c240000 - 0x00007ffe3c2cd000 	c:\Users\HP\.vscode\extensions\redhat.java-1.51.0-win32-x64\jre\21.0.9-win32-x86_64\bin\msvcp140.dll
0x00007ffd81130000 - 0x00007ffd81ed0000 	c:\Users\HP\.vscode\extensions\redhat.java-1.51.0-win32-x64\jre\21.0.9-win32-x86_64\bin\server\jvm.dll
0x00007ffe77b70000 - 0x00007ffe77c24000 	C:\WINDOWS\System32\ADVAPI32.dll
0x00007ffe773f0000 - 0x00007ffe77496000 	C:\WINDOWS\System32\sechost.dll
0x00007ffe76c00000 - 0x00007ffe76d18000 	C:\WINDOWS\System32\RPCRT4.dll
0x00007ffe774b0000 - 0x00007ffe77524000 	C:\WINDOWS\System32\WS2_32.dll
0x00007ffe74d50000 - 0x00007ffe74dae000 	C:\WINDOWS\SYSTEM32\POWRPROF.dll
0x00007ffe5fb90000 - 0x00007ffe5fbc5000 	C:\WINDOWS\SYSTEM32\WINMM.dll
0x00007ffe69520000 - 0x00007ffe6952b000 	C:\WINDOWS\SYSTEM32\VERSION.dll
0x00007ffe74d30000 - 0x00007ffe74d44000 	C:\WINDOWS\SYSTEM32\UMPDC.dll
0x00007ffe73ca0000 - 0x00007ffe73cbb000 	C:\WINDOWS\SYSTEM32\kernel.appcore.dll
0x00007ffe68990000 - 0x00007ffe6899a000 	c:\Users\HP\.vscode\extensions\redhat.java-1.51.0-win32-x64\jre\21.0.9-win32-x86_64\bin\jimage.dll
0x00007ffe72670000 - 0x00007ffe728b2000 	C:\WINDOWS\SYSTEM32\DBGHELP.DLL
0x00007ffe75b40000 - 0x00007ffe75ec6000 	C:\WINDOWS\System32\combase.dll
0x00007ffe77310000 - 0x00007ffe773e6000 	C:\WINDOWS\System32\OLEAUT32.dll
0x00007ffe68180000 - 0x00007ffe681bc000 	C:\WINDOWS\SYSTEM32\dbgcore.DLL
0x00007ffe75a90000 - 0x00007ffe75b35000 	C:\WINDOWS\System32\bcryptPrimitives.dll
0x00007ffe68980000 - 0x00007ffe6898f000 	c:\Users\HP\.vscode\extensions\redhat.java-1.51.0-win32-x64\jre\21.0.9-win32-x86_64\bin\instrument.dll
0x00007ffe683e0000 - 0x00007ffe68400000 	c:\Users\HP\.vscode\extensions\redhat.java-1.51.0-win32-x64\jre\21.0.9-win32-x86_64\bin\java.dll
0x00007ffe76010000 - 0x00007ffe76763000 	C:\WINDOWS\System32\SHELL32.dll
0x00007ffe757a0000 - 0x00007ffe7590a000 	C:\WINDOWS\System32\wintypes.dll
0x00007ffe72b30000 - 0x00007ffe7338e000 	C:\WINDOWS\SYSTEM32\windows.storage.dll
0x00007ffe77610000 - 0x00007ffe77705000 	C:\WINDOWS\System32\SHCORE.dll
0x00007ffe772a0000 - 0x00007ffe77306000 	C:\WINDOWS\System32\shlwapi.dll
0x00007ffe74e10000 - 0x00007ffe74e39000 	C:\WINDOWS\SYSTEM32\profapi.dll
0x00007ffe5ec50000 - 0x00007ffe5ec68000 	c:\Users\HP\.vscode\extensions\redhat.java-1.51.0-win32-x64\jre\21.0.9-win32-x86_64\bin\zip.dll
0x00007ffe68970000 - 0x00007ffe68980000 	C:\Users\HP\.vscode\extensions\redhat.java-1.51.0-win32-x64\jre\21.0.9-win32-x86_64\bin\net.dll
0x00007ffe69cf0000 - 0x00007ffe69e18000 	C:\WINDOWS\SYSTEM32\WINHTTP.dll
0x00007ffe74210000 - 0x00007ffe7427b000 	C:\WINDOWS\system32\mswsock.dll
0x00007ffe40350000 - 0x00007ffe40366000 	C:\Users\HP\.vscode\extensions\redhat.java-1.51.0-win32-x64\jre\21.0.9-win32-x86_64\bin\nio.dll
0x00007ffe5ec40000 - 0x00007ffe5ec50000 	c:\Users\HP\.vscode\extensions\redhat.java-1.51.0-win32-x64\jre\21.0.9-win32-x86_64\bin\verify.dll
0x00007ffe3c180000 - 0x00007ffe3c1c4000 	C:\Users\HP\AppData\Roaming\Code\User\globalStorage\redhat.java\1.51.0\config_ss_win\org.eclipse.equinox.launcher\org.eclipse.equinox.launcher.win32.win32.x86_64_1.2.1400.v20250801-0854\eclipse_11916.dll
0x00007ffe76f40000 - 0x00007ffe770d7000 	C:\WINDOWS\System32\ole32.dll
0x00007ffe744d0000 - 0x00007ffe744eb000 	C:\WINDOWS\SYSTEM32\CRYPTSP.dll
0x00007ffe73c00000 - 0x00007ffe73c3a000 	C:\WINDOWS\system32\rsaenh.dll
0x00007ffe742c0000 - 0x00007ffe742eb000 	C:\WINDOWS\SYSTEM32\USERENV.dll
0x00007ffe74de0000 - 0x00007ffe74e0a000 	C:\WINDOWS\SYSTEM32\bcrypt.dll
0x00007ffe744f0000 - 0x00007ffe744fc000 	C:\WINDOWS\SYSTEM32\CRYPTBASE.dll
0x00007ffe736b0000 - 0x00007ffe736e4000 	C:\WINDOWS\SYSTEM32\IPHLPAPI.DLL
0x00007ffe774a0000 - 0x00007ffe774aa000 	C:\WINDOWS\System32\NSI.dll
0x00007ffe27290000 - 0x00007ffe272d9000 	C:\Users\HP\AppData\Local\Temp\jna-2312\jna11053583096782046608.dll
0x00007ffe77900000 - 0x00007ffe77908000 	C:\WINDOWS\System32\PSAPI.DLL
0x00007ffe69e60000 - 0x00007ffe69e7e000 	C:\WINDOWS\SYSTEM32\dhcpcsvc6.DLL
0x00007ffe69b40000 - 0x00007ffe69b63000 	C:\WINDOWS\SYSTEM32\dhcpcsvc.DLL

JVMTI agents:
c:\Users\HP\.vscode\extensions\redhat.java-1.51.0-win32-x64\lombok\lombok-1.18.39-4050.jar path:c:\Users\HP\.vscode\extensions\redhat.java-1.51.0-win32-x64\jre\21.0.9-win32-x86_64\bin\instrument.dll, loaded, initialized, instrumentlib options:none

dbghelp: loaded successfully - version: 4.0.5 - missing functions: none
symbol engine: initialized successfully - sym options: 0x614 - pdb path: .;c:\Users\HP\.vscode\extensions\redhat.java-1.51.0-win32-x64\jre\21.0.9-win32-x86_64\bin;C:\WINDOWS\SYSTEM32;C:\WINDOWS\WinSxS\amd64_microsoft.windows.common-controls_6595b64144ccf1df_6.0.26100.7309_none_3e05feeae336a044;c:\Users\HP\.vscode\extensions\redhat.java-1.51.0-win32-x64\jre\21.0.9-win32-x86_64\bin\server;C:\Users\HP\AppData\Roaming\Code\User\globalStorage\redhat.java\1.51.0\config_ss_win\org.eclipse.equinox.launcher\org.eclipse.equinox.launcher.win32.win32.x86_64_1.2.1400.v20250801-0854;C:\Users\HP\AppData\Local\Temp\jna-2312

VM Arguments:
jvm_args: --add-modules=ALL-SYSTEM --add-opens=java.base/java.util=ALL-UNNAMED --add-opens=java.base/java.lang=ALL-UNNAMED --add-opens=java.base/sun.nio.fs=ALL-UNNAMED -Declipse.application=org.eclipse.jdt.ls.core.id1 -Dosgi.bundles.defaultStartLevel=4 -Declipse.product=org.eclipse.jdt.ls.core.product -Djava.import.generatesMetadataFilesAtProjectRoot=false -DDetectVMInstallationsJob.disabled=true -Dfile.encoding=utf8 -XX:+UseParallelGC -XX:GCTimeRatio=4 -XX:AdaptiveSizePolicyWeight=90 -Dsun.zip.disableMemoryMapping=true -Xmx2G -Xms100m -Xlog:disable -javaagent:c:\Users\HP\.vscode\extensions\redhat.java-1.51.0-win32-x64\lombok\lombok-1.18.39-4050.jar 
java_command: c:\Users\HP\.vscode\extensions\redhat.java-1.51.0-win32-x64\server\plugins\org.eclipse.equinox.launcher_1.7.100.v20251111-0406.jar -configuration c:\Users\HP\AppData\Roaming\Code\User\globalStorage\redhat.java\1.51.0\config_ss_win -data c:\Users\HP\AppData\Roaming\Code\User\workspaceStorage\d00a20f361f95b28a9e8c7ac018f6448\redhat.java\ss_ws --pipe=\\.\pipe\lsp-2a57158b53ffc9f5d9e73858d6bc3636-sock
java_class_path (initial): c:\Users\HP\.vscode\extensions\redhat.java-1.51.0-win32-x64\server\plugins\org.eclipse.equinox.launcher_1.7.100.v20251111-0406.jar
Launcher Type: SUN_STANDARD

[Global flags]
    uintx AdaptiveSizePolicyWeight                 = 90                                        {product} {command line}
     intx CICompilerCount                          = 4                                         {product} {ergonomic}
    uintx GCTimeRatio                              = 4                                         {product} {command line}
   size_t InitialHeapSize                          = 104857600                                 {product} {command line}
   size_t MaxHeapSize                              = 2147483648                                {product} {command line}
   size_t MaxNewSize                               = 715653120                                 {product} {ergonomic}
   size_t MinHeapDeltaBytes                        = 524288                                    {product} {ergonomic}
   size_t MinHeapSize                              = 104857600                                 {product} {command line}
   size_t NewSize                                  = 34603008                                  {product} {ergonomic}
    uintx NonNMethodCodeHeapSize                   = 5839372                                {pd product} {ergonomic}
    uintx NonProfiledCodeHeapSize                  = 122909434                              {pd product} {ergonomic}
   size_t OldSize                                  = 70254592                                  {product} {ergonomic}
    uintx ProfiledCodeHeapSize                     = 122909434                              {pd product} {ergonomic}
    uintx ReservedCodeCacheSize                    = 251658240                              {pd product} {ergonomic}
     bool SegmentedCodeCache                       = true                                      {product} {ergonomic}
   size_t SoftMaxHeapSize                          = 2147483648                             {manageable} {ergonomic}
     bool UseCompressedOops                        = true                           {product lp64_product} {ergonomic}
     bool UseLargePagesIndividualAllocation        = false                                  {pd product} {ergonomic}
     bool UseParallelGC                            = true                                      {product} {command line}

Logging:
Log output configuration:
 #0: stdout all=off uptime,level,tags foldmultilines=false
 #1: stderr all=off uptime,level,tags foldmultilines=false

Release file:
JAVA_VERSION="21.0.9" 
MODULES="java.base java.compiler java.datatransfer java.xml java.prefs java.desktop java.instrument java.logging java.management java.security.sasl java.naming java.rmi java.management.rmi java.net.http java.scripting java.security.jgss java.transaction.xa java.sql java.sql.rowset java.xml.crypto java.se java.smartcardio jdk.accessibility jdk.internal.jvmstat jdk.attach jdk.charsets jdk.internal.opt jdk.zipfs jdk.compiler jdk.crypto.ec jdk.crypto.cryptoki jdk.crypto.mscapi jdk.dynalink jdk.internal.ed jdk.editpad jdk.hotspot.agent jdk.httpserver jdk.internal.le jdk.internal.vm.ci jdk.internal.vm.compiler jdk.internal.vm.compiler.management jdk.jartool jdk.javadoc jdk.jcmd jdk.management jdk.management.agent jdk.jconsole jdk.jdeps jdk.jdwp.agent jdk.jdi jdk.jfr jdk.jshell jdk.jsobject jdk.jstatd jdk.localedata jdk.management.jfr jdk.naming.dns jdk.naming.rmi jdk.net jdk.nio.mapmode jdk.random jdk.sctp jdk.security.auth jdk.security.jgss jdk.unsupported jdk.unsupported.desktop jdk.xml.dom" 

Environment Variables:
PATH=C:\Users\HP\OneDrive\Bureau\WINDOWS.X64_193000_db_home\bin;C:\Program Files (x86)\VMware\VMware Workstation\bin\;C:\Program Files\Common Files\Oracle\Java\javapath;C:\WINDOWS\system32;C:\WINDOWS;C:\WINDOWS\System32\Wbem;C:\WINDOWS\System32\WindowsPowerShell\v1.0\;C:\WINDOWS\System32\OpenSSH\;C:\MinGW\bin;C:\Program Files\Java\jdk-21\bin;C:\Program Files\Git\cmd;C:\Program Files (x86)\Microsoft SQL Server\160\Tools\Binn\;C:\Program Files\Microsoft SQL Server\160\Tools\Binn\;C:\Program Files\Microsoft SQL Server\Client SDK\ODBC\170\Tools\Binn\;C:\Program Files\Microsoft SQL Server\160\DTS\Binn\;C:\Program Files (x86)\Microsoft SQL Server\160\DTS\Binn\;C:\php-8.4.2;C:\Program Files\dotnet\;C:\Users\HP\AppData\Local\nvm;C:\nvm4w\nodejs;C:\nvm4w\nodejs;C:\Program Files\MySQL\MySQL Server 8.0\bin;C:\Program Files\MySQL\MySQL Shell 8.0\bin\;C:\Users\HP\AppData\Local\Programs\Python\Python312\Scripts\;C:\Users\HP\AppData\Local\Programs\Python\Python312\;C:\Users\HP\AppData\Local\Microsoft\WindowsApps;C:\Users\HP\AppData\Local\Programs\Microsoft VS Code\bin;C:\Dev_Flutter\flutter\bin;C:\Users\HP\AppData\Local\Pub\Cache\bin;C:\Users\HP\AppData\Local\Programs\Microsoft VS Code Insiders\bin;C:\Users\HP\AppData\Local\Programs\cursor\resources\app\bin;C:\Users\HP\AppData\Local\nvm;C:\nvm4w\nodejs;C:\Users\HP\AppData\Local\Programs\Antigravity\bin
USERNAME=HP
OS=Windows_NT
PROCESSOR_IDENTIFIER=Intel64 Family 6 Model 126 Stepping 5, GenuineIntel
TMP=C:\Users\HP\AppData\Local\Temp
TEMP=C:\Users\HP\AppData\Local\Temp




Periodic native trim disabled

---------------  S Y S T E M  ---------------

OS:
 Windows 11 , 64 bit Build 26100 (10.0.26100.7623)
OS uptime: 1 days 13:46 hours

CPU: total 8 (initial active 8) (4 cores per cpu, 2 threads per core) family 6 model 126 stepping 5 microcode 0x86, cx8, cmov, fxsr, ht, mmx, 3dnowpref, sse, sse2, sse3, ssse3, sse4.1, sse4.2, popcnt, lzcnt, tsc, tscinvbit, avx, avx2, aes, erms, clmul, bmi1, bmi2, adx, avx512f, avx512dq, avx512cd, avx512bw, avx512vl, sha, fma, vzeroupper, avx512_vpopcntdq, avx512_vpclmulqdq, avx512_vaes, avx512_vnni, clflush, clflushopt, avx512_vbmi2, avx512_vbmi, rdtscp, rdpid, fsrm, gfni, avx512_bitalg, f16c, pku, avx512_ifma
Processor Information for the first 8 processors :
  Max Mhz: 1190, Current Mhz: 991, Mhz Limit: 987

Memory: 4k page, system-wide physical 7973M (643M free)
TotalPageFile size 23982M (AvailPageFile size 58M)
current process WorkingSet (physical memory assigned to process): 153M, peak: 168M
current process commit charge ("private bytes"): 286M, peak: 299M

vm_info: OpenJDK 64-Bit Server VM (21.0.9+10-LTS) for windows-amd64 JRE (21.0.9+10-LTS), built on 2025-10-21T00:00:00Z by "admin" with unknown MS VC++:1942

END.
